============================================================
SPORE DIMENSION ANALYSIS REPORT
============================================================

Analysis Date: 2026-02-06 20:25:27
Input File: .\samples\Collybia_nuda.csv
Number of Spores Measured: 61

------------------------------------------------------------
DIMENSION STATISTICS
------------------------------------------------------------
Length (L):  5.6-7.5 µm (mean: 6.4 µm)
Width (W):   4.0-5.2 µm (mean: 4.5 µm)

------------------------------------------------------------
MYCOLOGY PARAMETERS
------------------------------------------------------------
Q (L/W ratio):           1.42 (σ = 0.08)
C (Coefficient of Var):  94.33%
Me (Mean of extremes):   6.55 x 4.60 µm
Qe (Mean L/W ratio):     1.42

------------------------------------------------------------
FORMATTED OUTPUT
------------------------------------------------------------
5.6-7.5 (6.4) µm x 4.0-5.2 (4.5) µm; Q=1.42; σ=0.08; C=94.33%; Me=6.55 x 4.60; Qe=1.42
============================================================
