============================================================
SPORE DIMENSION ANALYSIS REPORT
============================================================

Analysis Date: 2026-02-06 20:25:54
Input File: .\samples\Lepiota_subincarnata.csv
Number of Spores Measured: 56

------------------------------------------------------------
DIMENSION STATISTICS
------------------------------------------------------------
Length (L):  6.3-8.9 µm (mean: 7.5 µm)
Width (W):   4.4-6.5 µm (mean: 5.5 µm)

------------------------------------------------------------
MYCOLOGY PARAMETERS
------------------------------------------------------------
Q (L/W ratio):           1.37 (σ = 0.12)
C (Coefficient of Var):  91.95%
Me (Mean of extremes):   7.62 x 5.46 µm
Qe (Mean L/W ratio):     1.36

------------------------------------------------------------
FORMATTED OUTPUT
------------------------------------------------------------
6.3-8.9 (7.5) µm x 4.4-6.5 (5.5) µm; Q=1.37; σ=0.12; C=91.95%; Me=7.62 x 5.46; Qe=1.36
============================================================
